mode: set
mygo/chapter11/codeCover/codeCover.go:3.23,4.12 1 1
mygo/chapter11/codeCover/codeCover.go:4.12,6.3 1 1
mygo/chapter11/codeCover/codeCover.go:6.8,6.19 1 1
mygo/chapter11/codeCover/codeCover.go:6.19,8.3 1 1
mygo/chapter11/codeCover/codeCover.go:8.8,10.3 1 1
mygo/chapter11/codeCover/codeCover.go:13.23,14.12 1 1
mygo/chapter11/codeCover/codeCover.go:14.12,16.3 1 1
mygo/chapter11/codeCover/codeCover.go:16.8,16.19 1 0
mygo/chapter11/codeCover/codeCover.go:16.19,18.3 1 0
mygo/chapter11/codeCover/codeCover.go:18.8,20.3 1 0
